This is pdfTeX, Version 3.14159265-2.6-1.40.20 (TeX Live 2019/Debian) (preloaded format=pdflatex 2021.3.6)  7 MAR 2021 10:59
entering extended mode
 restricted \write18 enabled.
 %&-line parsing enabled.
**01.report.bash.tex
(./01.report.bash.tex
LaTeX2e <2020-02-02> patch level 2
L3 programming layer <2020-02-14>
(/usr/share/texlive/texmf-dist/tex/latex/base/article.cls
Document Class: article 2019/12/20 v1.4l Standard LaTeX document class
(/usr/share/texlive/texmf-dist/tex/latex/base/size10.clo
File: size10.clo 2019/12/20 v1.4l Standard LaTeX file (size option)
)
\c@part=\count167
\c@section=\count168
\c@subsection=\count169
\c@subsubsection=\count170
\c@paragraph=\count171
\c@subparagraph=\count172
\c@figure=\count173
\c@table=\count174
\abovecaptionskip=\skip47
\belowcaptionskip=\skip48
\bibindent=\dimen134
)
(/usr/share/texlive/texmf-dist/tex/latex/l3backend/l3backend-pdfmode.def
File: l3backend-pdfmode.def 2020-02-03 L3 backend support: PDF mode
\l__kernel_color_stack_int=\count175
\l__pdf_internal_box=\box45
)
(./01.report.bash.aux)
\openout1 = `01.report.bash.aux'.

LaTeX Font Info:    Checking defaults for OML/cmm/m/it on input line 2.
LaTeX Font Info:    ... okay on input line 2.
LaTeX Font Info:    Checking defaults for OMS/cmsy/m/n on input line 2.
LaTeX Font Info:    ... okay on input line 2.
LaTeX Font Info:    Checking defaults for OT1/cmr/m/n on input line 2.
LaTeX Font Info:    ... okay on input line 2.
LaTeX Font Info:    Checking defaults for T1/cmr/m/n on input line 2.
LaTeX Font Info:    ... okay on input line 2.
LaTeX Font Info:    Checking defaults for TS1/cmr/m/n on input line 2.
LaTeX Font Info:    ... okay on input line 2.
LaTeX Font Info:    Checking defaults for OMX/cmex/m/n on input line 2.
LaTeX Font Info:    ... okay on input line 2.
LaTeX Font Info:    Checking defaults for U/cmr/m/n on input line 2.
LaTeX Font Info:    ... okay on input line 2.

Overfull \hbox (9.62456pt too wide) in paragraph at lines 22--27
[]\OT1/cmr/m/n/10 TASK 5: nang@DESKTOP-LE6U6KG: /mas-ter/sa2021 head -n 3 /etc/
passwd
 []


Overfull \hbox (11.25098pt too wide) in paragraph at lines 22--27
\OT1/cmr/m/n/10 root:x:0:0:root:/root:/bin/bash dae-mon:x:1:1:daemon:/usr/sbin:
/usr/sbin/nologin
 []


Overfull \hbox (106.4734pt too wide) in paragraph at lines 28--32
\OT1/cmr/m/n/10 scape:x:110:115::/var/lib/landscape:/usr/sbin/nologin pol-li-na
te:x:111:1::/var/cache/pollinate:/bin/false
 []


Overfull \hbox (16.34679pt too wide) in paragraph at lines 33--39
[]\OT1/cmr/m/n/10 TASK 6: nang@DESKTOP-LE6U6KG: /mas-ter/sa2021 sed -n 5,8p /et
c/passwd
 []


Overfull \hbox (28.05649pt too wide) in paragraph at lines 33--39
\OT1/cmr/m/n/10 sync:x:4:65534:sync:/bin:/bin/sync games:x:5:60:games:/usr/game
s:/usr/sbin/nologin
 []


Overfull \hbox (73.16783pt too wide) in paragraph at lines 33--39
\OT1/cmr/m/n/10 man:x:6:12:man:/var/cache/man:/usr/sbin/nologin lp:x:7:7:lp:/va
r/spool/lpd:/usr/sbin/nologin 
 []

[1

{/var/lib/texmf/fonts/map/pdftex/updmap/pdftex.map}] (./01.report.bash.aux) ) 
Here is how much of TeX's memory you used:
 363 strings out of 483183
 6255 string characters out of 5966293
 233602 words of memory out of 5000000
 15462 multiletter control sequences out of 15000+600000
 532338 words of font info for 24 fonts, out of 8000000 for 9000
 14 hyphenation exceptions out of 8191
 25i,4n,19p,406b,97s stack positions out of 5000i,500n,10000p,200000b,80000s
</
usr/share/texlive/texmf-dist/fonts/type1/public/amsfonts/cm/cmr10.pfb>
Output written on 01.report.bash.pdf (1 page, 24406 bytes).
PDF statistics:
 12 PDF objects out of 1000 (max. 8388607)
 7 compressed objects within 1 object stream
 0 named destinations out of 1000 (max. 500000)
 1 words of extra memory for PDF output out of 10000 (max. 10000000)

